0 info it worked if it ends with ok
1 verbose cli [ '/usr/local/bin/node', '/usr/local/bin/npm', 'install' ]
2 info using npm@3.9.5
3 info using node@v6.2.2
4 silly loadCurrentTree Starting
5 silly install loadCurrentTree
6 silly install readLocalPackageData
7 silly install normalizeTree
8 silly loadCurrentTree Finishing
9 silly loadIdealTree Starting
10 silly install loadIdealTree
11 silly cloneCurrentTree Starting
12 silly install cloneCurrentTreeToIdealTree
13 silly cloneCurrentTree Finishing
14 silly loadShrinkwrap Starting
15 silly install loadShrinkwrap
16 silly loadShrinkwrap Finishing
17 silly loadAllDepsIntoIdealTree Starting
18 silly install loadAllDepsIntoIdealTree
19 silly fetchNamedPackageData @angular/common
20 silly mapToRegistry name @angular/common
21 silly mapToRegistry scope (from package name) @angular
22 verbose mapToRegistry no registry URL found in name for scope @angular
23 silly mapToRegistry using default registry
24 silly mapToRegistry registry https://registry.npmjs.org/
25 silly mapToRegistry data Result {
25 silly mapToRegistry   raw: '@angular/common',
25 silly mapToRegistry   scope: '@angular',
25 silly mapToRegistry   name: '@angular/common',
25 silly mapToRegistry   rawSpec: '',
25 silly mapToRegistry   spec: 'latest',
25 silly mapToRegistry   type: 'tag' }
26 silly mapToRegistry uri https://registry.npmjs.org/@angular%2fcommon
27 verbose request uri https://registry.npmjs.org/@angular%2fcommon
28 verbose request no auth needed
29 info attempt registry request try #1 at 1:59:51 AM
30 verbose request id cf890d8bcfd4122c
31 verbose etag "CGZTS01IP31IU0I6WA2FWMEIU"
32 http request GET https://registry.npmjs.org/@angular%2fcommon
33 http 304 https://registry.npmjs.org/@angular%2fcommon
34 verbose headers { date: 'Fri, 08 Jul 2016 17:59:54 GMT',
34 verbose headers   via: '1.1 varnish',
34 verbose headers   'cache-control': 'max-age=0',
34 verbose headers   etag: '"CGZTS01IP31IU0I6WA2FWMEIU"',
34 verbose headers   age: '0',
34 verbose headers   connection: 'keep-alive',
34 verbose headers   'x-served-by': 'cache-itm7423-ITM',
34 verbose headers   'x-cache': 'MISS',
34 verbose headers   'x-cache-hits': '0',
34 verbose headers   'x-timer': 'S1468000794.210080,VS0,VE198',
34 verbose headers   vary: 'Accept-Encoding' }
35 silly get cb [ 304,
35 silly get   { date: 'Fri, 08 Jul 2016 17:59:54 GMT',
35 silly get     via: '1.1 varnish',
35 silly get     'cache-control': 'max-age=0',
35 silly get     etag: '"CGZTS01IP31IU0I6WA2FWMEIU"',
35 silly get     age: '0',
35 silly get     connection: 'keep-alive',
35 silly get     'x-served-by': 'cache-itm7423-ITM',
35 silly get     'x-cache': 'MISS',
35 silly get     'x-cache-hits': '0',
35 silly get     'x-timer': 'S1468000794.210080,VS0,VE198',
35 silly get     vary: 'Accept-Encoding' } ]
36 verbose etag https://registry.npmjs.org/@angular%2fcommon from cache
37 verbose get saving @angular/common to /Users/lin/.npm/registry.npmjs.org/_40angular_252fcommon/.cache.json
38 verbose correctMkdir /Users/lin/.npm correctMkdir not in flight; initializing
39 silly fetchNamedPackageData No valid target from cache, forcing network
40 verbose request uri https://registry.npmjs.org/@angular%2fcommon
41 verbose request no auth needed
42 info attempt registry request try #1 at 1:59:54 AM
43 http request GET https://registry.npmjs.org/@angular%2fcommon
44 http 200 https://registry.npmjs.org/@angular%2fcommon
45 verbose headers { server: 'CouchDB/1.5.0 (Erlang OTP/R16B03)',
45 verbose headers   etag: '"CGZTS01IP31IU0I6WA2FWMEIU"',
45 verbose headers   'content-type': 'application/json',
45 verbose headers   'content-encoding': 'gzip',
45 verbose headers   'cache-control': 'max-age=0',
45 verbose headers   'transfer-encoding': 'chunked',
45 verbose headers   'accept-ranges': 'bytes',
45 verbose headers   date: 'Fri, 08 Jul 2016 17:59:55 GMT',
45 verbose headers   via: '1.1 varnish',
45 verbose headers   connection: 'keep-alive',
45 verbose headers   'x-served-by': 'cache-itm7423-ITM',
45 verbose headers   'x-cache': 'MISS',
45 verbose headers   'x-cache-hits': '0',
45 verbose headers   'x-timer': 'S1468000794.617229,VS0,VE391',
45 verbose headers   vary: 'Accept-Encoding' }
46 silly get cb [ 200,
46 silly get   { server: 'CouchDB/1.5.0 (Erlang OTP/R16B03)',
46 silly get     etag: '"CGZTS01IP31IU0I6WA2FWMEIU"',
46 silly get     'content-type': 'application/json',
46 silly get     'content-encoding': 'gzip',
46 silly get     'cache-control': 'max-age=0',
46 silly get     'transfer-encoding': 'chunked',
46 silly get     'accept-ranges': 'bytes',
46 silly get     date: 'Fri, 08 Jul 2016 17:59:55 GMT',
46 silly get     via: '1.1 varnish',
46 silly get     connection: 'keep-alive',
46 silly get     'x-served-by': 'cache-itm7423-ITM',
46 silly get     'x-cache': 'MISS',
46 silly get     'x-cache-hits': '0',
46 silly get     'x-timer': 'S1468000794.617229,VS0,VE391',
46 silly get     vary: 'Accept-Encoding' } ]
47 verbose get saving @angular/common to /Users/lin/.npm/registry.npmjs.org/_40angular_252fcommon/.cache.json
48 verbose correctMkdir /Users/lin/.npm correctMkdir not in flight; initializing
49 silly fetchPackageMetaData Error: No compatible version found: @angular/common@2.0.0-rc.33
49 silly fetchPackageMetaData Valid install targets:
49 silly fetchPackageMetaData 2.0.0-rc.4, 2.0.0-rc.3, 2.0.0-rc.2, 2.0.0-rc.1, 2.0.0-rc.0, 0.0.0-7, 0.0.0-6, 0.0.0-5, 0.0.0-4, 0.0.0-3, 0.0.0-2, 0.0.0-1, 0.0.0-0
49 silly fetchPackageMetaData
49 silly fetchPackageMetaData     at pickVersionFromRegistryDocument (/usr/local/lib/node_modules/npm/lib/fetch-package-metadata.js:170:16)
49 silly fetchPackageMetaData     at /usr/local/lib/node_modules/npm/node_modules/iferr/index.js:13:50
49 silly fetchPackageMetaData     at /usr/local/lib/node_modules/npm/lib/utils/pulse-till-done.js:19:8
49 silly fetchPackageMetaData     at saved (/usr/local/lib/node_modules/npm/lib/cache/caching-client.js:174:7)
49 silly fetchPackageMetaData     at /usr/local/lib/node_modules/npm/node_modules/graceful-fs/polyfills.js:210:7
49 silly fetchPackageMetaData     at FSReqWrap.oncomplete (fs.js:117:15)
49 silly fetchPackageMetaData  error for @angular/common@2.0.0-rc.33 Error: No compatible version found: @angular/common@2.0.0-rc.33
49 silly fetchPackageMetaData Valid install targets:
49 silly fetchPackageMetaData 2.0.0-rc.4, 2.0.0-rc.3, 2.0.0-rc.2, 2.0.0-rc.1, 2.0.0-rc.0, 0.0.0-7, 0.0.0-6, 0.0.0-5, 0.0.0-4, 0.0.0-3, 0.0.0-2, 0.0.0-1, 0.0.0-0
49 silly fetchPackageMetaData
49 silly fetchPackageMetaData     at pickVersionFromRegistryDocument (/usr/local/lib/node_modules/npm/lib/fetch-package-metadata.js:170:16)
49 silly fetchPackageMetaData     at /usr/local/lib/node_modules/npm/node_modules/iferr/index.js:13:50
49 silly fetchPackageMetaData     at /usr/local/lib/node_modules/npm/lib/utils/pulse-till-done.js:19:8
49 silly fetchPackageMetaData     at saved (/usr/local/lib/node_modules/npm/lib/cache/caching-client.js:174:7)
49 silly fetchPackageMetaData     at /usr/local/lib/node_modules/npm/node_modules/graceful-fs/polyfills.js:210:7
49 silly fetchPackageMetaData     at FSReqWrap.oncomplete (fs.js:117:15)
50 silly rollbackFailedOptional Starting
51 silly rollbackFailedOptional Finishing
52 silly runTopLevelLifecycles Starting
53 silly runTopLevelLifecycles Finishing
54 silly install printInstalled
55 verbose stack Error: No compatible version found: @angular/common@2.0.0-rc.33
55 verbose stack Valid install targets:
55 verbose stack 2.0.0-rc.4, 2.0.0-rc.3, 2.0.0-rc.2, 2.0.0-rc.1, 2.0.0-rc.0, 0.0.0-7, 0.0.0-6, 0.0.0-5, 0.0.0-4, 0.0.0-3, 0.0.0-2, 0.0.0-1, 0.0.0-0
55 verbose stack
55 verbose stack     at pickVersionFromRegistryDocument (/usr/local/lib/node_modules/npm/lib/fetch-package-metadata.js:170:16)
55 verbose stack     at /usr/local/lib/node_modules/npm/node_modules/iferr/index.js:13:50
55 verbose stack     at /usr/local/lib/node_modules/npm/lib/utils/pulse-till-done.js:19:8
55 verbose stack     at saved (/usr/local/lib/node_modules/npm/lib/cache/caching-client.js:174:7)
55 verbose stack     at /usr/local/lib/node_modules/npm/node_modules/graceful-fs/polyfills.js:210:7
55 verbose stack     at FSReqWrap.oncomplete (fs.js:117:15)
56 verbose cwd /lin/angular2/angular2-samples/plunk
57 error Darwin 15.0.0
58 error argv "/usr/local/bin/node" "/usr/local/bin/npm" "install"
59 error node v6.2.2
60 error npm  v3.9.5
61 error No compatible version found: @angular/common@2.0.0-rc.33
61 error Valid install targets:
61 error 2.0.0-rc.4, 2.0.0-rc.3, 2.0.0-rc.2, 2.0.0-rc.1, 2.0.0-rc.0, 0.0.0-7, 0.0.0-6, 0.0.0-5, 0.0.0-4, 0.0.0-3, 0.0.0-2, 0.0.0-1, 0.0.0-0
62 error If you need help, you may report this error at:
62 error     <https://github.com/npm/npm/issues>
63 verbose exit [ 1, true ]
